Build started 23.8.2016 15:35:29.
     1>Project "c:\Users\noha\Documents\Python-Lua\lua-5.1.5\PyLua.vcxproj" on node 2 (Build target(s)).
     1>ClCompile:
         C:\Program Files (x86)\Microsoft Visual Studio 11.0\VC\bin\CL.exe /c /I"c:\Program Files\Python35\include\\" /Zi /nologo /W3 /WX- /Od /Oy- /D WIN32 /D _DEBUG /D _LIB /D _CRT_SECURE_NO_WARNINGS /Gm /EHsc /RTC1 /MDd /GS /fp:precise /Zc:wchar_t /Zc:forScope /Fo"Debug\\" /Fd"Debug\vc110.pdb" /Gd /TP /analyze- /errorReport:prompt src\pylua\codegen.cpp
         codegen.cpp
       Lib:
         C:\Program Files (x86)\Microsoft Visual Studio 11.0\VC\bin\Lib.exe /OUT:"C:\Users\noha\Documents\Python-Lua\lua-5.1.5\Debug\PyLua.lib" /LIBPATH:"c:\Program Files\Python35\libs\\" /NOLOGO Debug\lapi.obj
         Debug\lauxlib.obj
         Debug\lbaselib.obj
         Debug\lcode.obj
         Debug\ldblib.obj
         Debug\ldebug.obj
         Debug\ldo.obj
         Debug\ldump.obj
         Debug\lfunc.obj
         Debug\lgc.obj
         Debug\linit.obj
         Debug\liolib.obj
         Debug\llex.obj
         Debug\lmathlib.obj
         Debug\lmem.obj
         Debug\loadlib.obj
         Debug\lobject.obj
         Debug\lopcodes.obj
         Debug\loslib.obj
         Debug\lparser.obj
         Debug\lstate.obj
         Debug\lstring.obj
         Debug\lstrlib.obj
         Debug\ltable.obj
         Debug\ltablib.obj
         Debug\ltm.obj
         Debug\lundump.obj
         Debug\lvm.obj
         Debug\lzio.obj
         Debug\print.obj
         Debug\codegen.obj
         Debug\visitor.obj
         PyLua.vcxproj -> C:\Users\noha\Documents\Python-Lua\lua-5.1.5\Debug\PyLua.lib
     1>Done Building Project "c:\Users\noha\Documents\Python-Lua\lua-5.1.5\PyLua.vcxproj" (Build target(s)).

Build succeeded.

Time Elapsed 00:00:01.10
