C:\USERS\NOHA\DOCUMENTS\PYTHON-LUA\LUA-5.1.5\DEBUG\LINIT.OBJ
C:\USERS\NOHA\DOCUMENTS\PYTHON-LUA\LUA-5.1.5\DEBUG\LIOLIB.OBJ
C:\USERS\NOHA\DOCUMENTS\PYTHON-LUA\LUA-5.1.5\DEBUG\LLEX.OBJ
C:\USERS\NOHA\DOCUMENTS\PYTHON-LUA\LUA-5.1.5\DEBUG\LMATHLIB.OBJ
C:\USERS\NOHA\DOCUMENTS\PYTHON-LUA\LUA-5.1.5\DEBUG\LMEM.OBJ
C:\USERS\NOHA\DOCUMENTS\PYTHON-LUA\LUA-5.1.5\DEBUG\LOADLIB.OBJ
C:\USERS\NOHA\DOCUMENTS\PYTHON-LUA\LUA-5.1.5\DEBUG\LOBJECT.OBJ
C:\USERS\NOHA\DOCUMENTS\PYTHON-LUA\LUA-5.1.5\DEBUG\LOPCODES.OBJ
C:\USERS\NOHA\DOCUMENTS\PYTHON-LUA\LUA-5.1.5\DEBUG\LOSLIB.OBJ
C:\USERS\NOHA\DOCUMENTS\PYTHON-LUA\LUA-5.1.5\DEBUG\LPARSER.OBJ
C:\USERS\NOHA\DOCUMENTS\PYTHON-LUA\LUA-5.1.5\DEBUG\LSTATE.OBJ
C:\USERS\NOHA\DOCUMENTS\PYTHON-LUA\LUA-5.1.5\DEBUG\LSTRING.OBJ
C:\USERS\NOHA\DOCUMENTS\PYTHON-LUA\LUA-5.1.5\DEBUG\LSTRLIB.OBJ
C:\USERS\NOHA\DOCUMENTS\PYTHON-LUA\LUA-5.1.5\DEBUG\LTABLE.OBJ
C:\USERS\NOHA\DOCUMENTS\PYTHON-LUA\LUA-5.1.5\DEBUG\LTABLIB.OBJ
C:\USERS\NOHA\DOCUMENTS\PYTHON-LUA\LUA-5.1.5\DEBUG\LTM.OBJ
C:\USERS\NOHA\DOCUMENTS\PYTHON-LUA\LUA-5.1.5\DEBUG\LUNDUMP.OBJ
C:\USERS\NOHA\DOCUMENTS\PYTHON-LUA\LUA-5.1.5\DEBUG\LVM.OBJ
C:\USERS\NOHA\DOCUMENTS\PYTHON-LUA\LUA-5.1.5\DEBUG\LZIO.OBJ
C:\USERS\NOHA\DOCUMENTS\PYTHON-LUA\LUA-5.1.5\DEBUG\PRINT.OBJ
C:\USERS\NOHA\DOCUMENTS\PYTHON-LUA\LUA-5.1.5\DEBUG\LAPI.OBJ
C:\USERS\NOHA\DOCUMENTS\PYTHON-LUA\LUA-5.1.5\DEBUG\LBASELIB.OBJ
C:\USERS\NOHA\DOCUMENTS\PYTHON-LUA\LUA-5.1.5\DEBUG\LCODE.OBJ
C:\USERS\NOHA\DOCUMENTS\PYTHON-LUA\LUA-5.1.5\DEBUG\LDBLIB.OBJ
C:\USERS\NOHA\DOCUMENTS\PYTHON-LUA\LUA-5.1.5\DEBUG\LDEBUG.OBJ
C:\USERS\NOHA\DOCUMENTS\PYTHON-LUA\LUA-5.1.5\DEBUG\LDO.OBJ
C:\USERS\NOHA\DOCUMENTS\PYTHON-LUA\LUA-5.1.5\DEBUG\LDUMP.OBJ
C:\USERS\NOHA\DOCUMENTS\PYTHON-LUA\LUA-5.1.5\DEBUG\LFUNC.OBJ
C:\USERS\NOHA\DOCUMENTS\PYTHON-LUA\LUA-5.1.5\DEBUG\LGC.OBJ
C:\USERS\NOHA\DOCUMENTS\PYTHON-LUA\LUA-5.1.5\DEBUG\VC110.PDB
C:\USERS\NOHA\DOCUMENTS\PYTHON-LUA\LUA-5.1.5\DEBUG\LAUXLIB.OBJ
C:\USERS\NOHA\DOCUMENTS\PYTHON-LUA\LUA-5.1.5\DEBUG\CODEGEN.OBJ
C:\USERS\NOHA\DOCUMENTS\PYTHON-LUA\LUA-5.1.5\DEBUG\VISITOR.OBJ
C:\USERS\NOHA\DOCUMENTS\PYTHON-LUA\LUA-5.1.5\DEBUG\PYLUA.LIB
c:\Users\noha\Documents\Python-Lua\lua-5.1.5\Debug\lapi.obj
c:\Users\noha\Documents\Python-Lua\lua-5.1.5\Debug\lauxlib.obj
c:\Users\noha\Documents\Python-Lua\lua-5.1.5\Debug\lbaselib.obj
c:\Users\noha\Documents\Python-Lua\lua-5.1.5\Debug\lcode.obj
c:\Users\noha\Documents\Python-Lua\lua-5.1.5\Debug\ldblib.obj
c:\Users\noha\Documents\Python-Lua\lua-5.1.5\Debug\ldebug.obj
c:\Users\noha\Documents\Python-Lua\lua-5.1.5\Debug\ldo.obj
c:\Users\noha\Documents\Python-Lua\lua-5.1.5\Debug\ldump.obj
c:\Users\noha\Documents\Python-Lua\lua-5.1.5\Debug\lfunc.obj
c:\Users\noha\Documents\Python-Lua\lua-5.1.5\Debug\lgc.obj
c:\Users\noha\Documents\Python-Lua\lua-5.1.5\Debug\linit.obj
c:\Users\noha\Documents\Python-Lua\lua-5.1.5\Debug\liolib.obj
c:\Users\noha\Documents\Python-Lua\lua-5.1.5\Debug\llex.obj
c:\Users\noha\Documents\Python-Lua\lua-5.1.5\Debug\lmathlib.obj
c:\Users\noha\Documents\Python-Lua\lua-5.1.5\Debug\lmem.obj
c:\Users\noha\Documents\Python-Lua\lua-5.1.5\Debug\loadlib.obj
c:\Users\noha\Documents\Python-Lua\lua-5.1.5\Debug\lobject.obj
c:\Users\noha\Documents\Python-Lua\lua-5.1.5\Debug\lopcodes.obj
c:\Users\noha\Documents\Python-Lua\lua-5.1.5\Debug\loslib.obj
c:\Users\noha\Documents\Python-Lua\lua-5.1.5\Debug\lparser.obj
c:\Users\noha\Documents\Python-Lua\lua-5.1.5\Debug\lstate.obj
c:\Users\noha\Documents\Python-Lua\lua-5.1.5\Debug\lstring.obj
c:\Users\noha\Documents\Python-Lua\lua-5.1.5\Debug\lstrlib.obj
c:\Users\noha\Documents\Python-Lua\lua-5.1.5\Debug\ltable.obj
c:\Users\noha\Documents\Python-Lua\lua-5.1.5\Debug\ltablib.obj
c:\Users\noha\Documents\Python-Lua\lua-5.1.5\Debug\ltm.obj
c:\Users\noha\Documents\Python-Lua\lua-5.1.5\Debug\lundump.obj
c:\Users\noha\Documents\Python-Lua\lua-5.1.5\Debug\lvm.obj
c:\Users\noha\Documents\Python-Lua\lua-5.1.5\Debug\lzio.obj
c:\Users\noha\Documents\Python-Lua\lua-5.1.5\Debug\print.obj
c:\Users\noha\Documents\Python-Lua\lua-5.1.5\Debug\visitor.obj
c:\Users\noha\Documents\Python-Lua\lua-5.1.5\Debug\cl.command.1.tlog
c:\Users\noha\Documents\Python-Lua\lua-5.1.5\Debug\CL.read.1.tlog
c:\Users\noha\Documents\Python-Lua\lua-5.1.5\Debug\CL.write.1.tlog
c:\Users\noha\Documents\Python-Lua\lua-5.1.5\Debug\Lib-link.read.1.tlog
c:\Users\noha\Documents\Python-Lua\lua-5.1.5\Debug\Lib-link.write.1.tlog
c:\Users\noha\Documents\Python-Lua\lua-5.1.5\Debug\lib.command.1.tlog
c:\Users\noha\Documents\Python-Lua\lua-5.1.5\Debug\vc110.idb
c:\Users\noha\Documents\Python-Lua\lua-5.1.5\Debug\vc110.pdb
C:\Users\noha\Documents\Python-Lua\lua-5.1.5\Debug\PyLua.lib
